2026-03-22 00:40:41, MOVE, v:1, k:ed@baruel, mode:PICK
2026-03-22 00:40:50, EXEC, v:1, k:ed@baruel, mode:FULL, rate:0, size:39
2026-03-22 00:44:17, EXEC, v:1, k:ed@baruel, mode:FULL, rate:0, size:38
2026-03-22 00:59:24, MOVE, v:1, k:ed@baruel, mode:PICK
2026-03-22 00:59:36, EXEC, v:1, k:ed@baruel, mode:FULL, rate:100, size:68
2026-03-22 01:05:09, EXEC, v:1, k:ed@baruel, mode:FULL, rate:100, size:140
2026-03-22 01:06:03, MOVE, v:1, k:ed@baruel, mode:BACK
2026-03-22 01:09:23, MOVE, v:1, k:ed@baruel, mode:PICK
2026-03-22 01:09:25, EXEC, v:1, k:ed@baruel, mode:FULL, rate:100, size:232
2026-03-22 01:14:25, EXEC, v:1, k:ed@baruel, mode:FULL, rate:100, size:310
2026-03-22 01:18:37, EXEC, v:1, k:ed@baruel, mode:FULL, size:0, fail:COMP
2026-03-22 01:18:44, EXEC, v:1, k:ed@baruel, mode:FULL, rate:100, size:71
2026-03-22 01:20:09, MOVE, v:1, k:ed@baruel, mode:BACK
2026-03-22 01:21:37, SELF, v:1, k:ed@pintando, self:1, rate:100, study:60, problem:1, code:1, debug:1
2026-03-22 01:21:39, MOVE, v:1, k:ed@mumia, mode:PICK
2026-03-22 01:21:41, MOVE, v:1, k:ed@mumia, mode:BACK
2026-03-22 01:22:15, SELF, v:1, k:ed@mumia, self:1, rate:100, study:20, problem:1, code:1, debug:1
2026-03-22 01:22:48, MOVE, v:1, k:ed@pedra, mode:PICK
2026-03-22 01:22:56, EXEC, v:1, k:ed@pedra, mode:FULL, rate:100
2026-03-22 01:23:03, MOVE, v:1, k:ed@pedra, mode:BACK
2026-03-22 01:24:02, SELF, v:1, k:ed@pedra, self:1, rate:100, study:40, guided:1, problem:1, debug:1
2026-03-22 01:24:13, MOVE, v:1, k:ed@casais, mode:PICK
2026-03-22 01:24:15, MOVE, v:1, k:ed@casais, mode:BACK
2026-03-22 01:24:55, SELF, v:1, k:ed@casais, self:1, rate:100, study:40, guided:1, problem:1, debug:1
2026-03-22 01:25:54, SELF, v:1, k:ed@baruel, self:1, rate:100, study:180, guided:1, problem:1, code:1, debug:1
