2026-04-19 00:45:05, MOVE, v:1, k:ed@manipulacao, mode:PICK
2026-04-19 00:45:37, MOVE, v:1, k:ed@manipulacao, mode:EDIT
2026-04-19 00:53:34, MOVE, v:1, k:ed@manipulacao, mode:EDIT
2026-04-19 01:00:00, MOVE, v:1, k:ed@manipulacao, mode:EDIT
2026-04-19 01:05:24, MOVE, v:1, k:ed@resto, mode:PICK
2026-04-19 01:04:00, MOVE, v:1, k:ed@manipulacao, mode:EDIT
2026-04-19 01:09:06, MOVE, v:1, k:ed@resto, mode:BACK
2026-04-19 01:06:43, MOVE, v:1, k:ed@manipulacao, mode:EDIT
2026-04-19 01:24:51, MOVE, v:1, k:ed@manipulacao, mode:EDIT
2026-04-19 01:29:23, MOVE, v:1, k:ed@manipulacao, mode:EDIT
2026-04-19 01:38:47, MOVE, v:1, k:ed@manipulacao, mode:EDIT
2026-04-19 01:50:33, MOVE, v:1, k:ed@manipulacao, mode:EDIT
2026-04-19 01:55:01, MOVE, v:1, k:ed@manipulacao, mode:EDIT
2026-04-19 01:59:57, MOVE, v:1, k:ed@manipulacao, mode:PICK
2026-04-19 01:59:59, EXEC, v:1, k:ed@manipulacao, mode:FULL, rate:0, size:113
2026-04-19 01:59:50, MOVE, v:1, k:ed@manipulacao, mode:EDIT
2026-04-19 01:59:59, MOVE, v:1, k:ed@manipulacao, mode:EDIT
2026-04-19 02:00:36, EXEC, v:1, k:ed@manipulacao, mode:FULL, rate:0
2026-04-19 02:01:36, EXEC, v:1, k:ed@manipulacao, mode:FULL, rate:0, size:116
2026-04-19 02:02:14, EXEC, v:1, k:ed@manipulacao, mode:FULL, rate:0, size:116
2026-04-19 02:02:56, EXEC, v:1, k:ed@manipulacao, mode:FULL, rate:0, size:116
2026-04-19 02:02:56, MOVE, v:1, k:ed@manipulacao, mode:EDIT
2026-04-19 02:02:55, MOVE, v:1, k:ed@manipulacao, mode:EDIT
2026-04-19 02:12:52, EXEC, v:1, k:ed@manipulacao, mode:FULL, rate:0
2026-04-19 02:12:52, MOVE, v:1, k:ed@manipulacao, mode:EDIT
2026-04-19 02:22:29, EXEC, v:1, k:ed@manipulacao, mode:FULL, rate:14, size:116
2026-04-19 02:22:29, MOVE, v:1, k:ed@manipulacao, mode:EDIT
2026-04-19 02:22:29, MOVE, v:1, k:ed@manipulacao, mode:EDIT
