2026-04-07 01:51:50, MOVE, v:1, k:ed@queimada, mode:PICK
2026-04-07 01:52:15, MOVE, v:1, k:ed@queimada, mode:PICK
2026-04-07 02:09:55, EXEC, v:1, k:ed@queimada, mode:FULL, rate:0, size:51
2026-04-07 02:10:03, EXEC, v:1, k:ed@queimada, mode:FULL, rate:0
2026-04-07 02:13:06, EXEC, v:1, k:ed@queimada, mode:FULL, size:57, fail:COMP
2026-04-07 02:16:49, EXEC, v:1, k:ed@queimada, mode:FULL, rate:0, size:62
2026-04-07 02:18:41, EXEC, v:1, k:ed@queimada, mode:FULL, size:62, fail:COMP
2026-04-07 02:24:35, EXEC, v:1, k:ed@queimada, mode:FULL, size:62, fail:COMP
2026-04-07 02:25:00, EXEC, v:1, k:ed@queimada, mode:FULL, rate:0, size:62
2026-04-07 02:27:54, EXEC, v:1, k:ed@queimada, mode:FULL, rate:14, size:66
2026-04-07 02:28:33, EXEC, v:1, k:ed@queimada, mode:FULL, rate:14
2026-04-07 02:30:11, MOVE, v:1, k:ed@queimada, mode:PICK
2026-04-07 02:30:50, EXEC, v:1, k:ed@queimada, mode:FULL, rate:14
2026-04-07 13:12:50, MOVE, v:1, k:ed@queimada, mode:PICK
2026-04-07 13:15:09, MOVE, v:1, k:ed@queimada, mode:PICK
2026-04-07 13:19:50, MOVE, v:1, k:ed@queimada, mode:BACK
2026-04-07 13:20:10, MOVE, v:1, k:ed@queimada, mode:PICK
2026-04-07 13:44:02, EXEC, v:1, k:ed@queimada, mode:FULL, rate:100, size:66
2026-04-07 13:46:18, EXEC, v:1, k:ed@queimada, mode:FULL, rate:100, size:50
2026-04-07 13:52:25, EXEC, v:1, k:ed@queimada, mode:FULL, rate:100, size:51
2026-04-07 13:52:31, MOVE, v:1, k:ed@queimada, mode:BACK
2026-04-07 13:54:36, SELF, v:1, k:ed@queimada, self:1, rate:100, study:90, guided:1, code:1
