2026-03-21 16:44:42, MOVE, v:1, k:ed@pedra, mode:PICK
2026-03-21 16:44:43, EXEC, v:1, k:ed@pedra, mode:FREE, size:5
2026-03-21 16:45:06, MOVE, v:1, k:ed@pedra, mode:BACK
2026-03-21 16:45:28, MOVE, v:1, k:ed@pedra, mode:PICK
2026-03-21 16:45:34, MOVE, v:1, k:ed@pedra, mode:BACK
2026-03-21 16:45:40, MOVE, v:1, k:ed@pedra, mode:PICK
2026-03-21 16:45:42, EXEC, v:1, k:ed@pedra, mode:FREE
2026-03-21 16:45:50, MOVE, v:1, k:ed@pedra, mode:BACK
2026-03-21 16:48:27, MOVE, v:1, k:ed@casais, mode:PICK
2026-03-21 16:48:41, MOVE, v:1, k:ed@casais, mode:BACK
2026-03-21 16:48:46, MOVE, v:1, k:ed@casais, mode:PICK
2026-03-21 16:48:49, MOVE, v:1, k:ed@casais, mode:BACK
2026-03-21 16:49:16, MOVE, v:1, k:ed@casais, mode:PICK
2026-03-21 16:49:19, MOVE, v:1, k:ed@casais, mode:BACK
2026-03-21 16:49:21, MOVE, v:1, k:ed@pedra, mode:PICK
2026-03-21 16:49:21, MOVE, v:1, k:ed@pedra, mode:BACK
2026-03-21 16:49:23, MOVE, v:1, k:ed@casais, mode:PICK
2026-03-21 16:49:56, EXEC, v:1, k:ed@casais, mode:FULL, rate:0, size:51
2026-03-21 16:50:04, EXEC, v:1, k:ed@casais, mode:FULL, rate:0
2026-03-21 16:51:25, EXEC, v:1, k:ed@casais, mode:FULL, rate:100, size:25
2026-03-21 16:57:00, EXEC, v:1, k:ed@casais, mode:FULL, rate:100, size:25
2026-03-21 16:57:01, MOVE, v:1, k:ed@casais, mode:BACK
