2026-03-23 00:56:17, MOVE, v:1, k:ed@fuga, mode:PICK
2026-03-23 00:58:10, MOVE, v:1, k:ed@fuga, mode:PICK
2026-03-23 00:58:21, EXEC, v:1, k:ed@fuga, mode:FULL, rate:100, size:32
2026-03-23 01:05:31, EXEC, v:1, k:ed@fuga, mode:FULL, rate:100, size:76
2026-03-23 01:10:57, EXEC, v:1, k:ed@fuga, mode:FULL, rate:100, size:77
2026-03-23 01:12:35, EXEC, v:1, k:ed@fuga, mode:FULL, rate:100, size:77
2026-03-23 01:14:22, EXEC, v:1, k:ed@fuga, mode:FULL, rate:100, size:77
2026-03-23 01:15:00, EXEC, v:1, k:ed@fuga, mode:FULL, rate:100, size:77
2026-03-23 01:15:11, EXEC, v:1, k:ed@fuga, mode:FULL, rate:100, size:41
2026-03-23 01:19:55, EXEC, v:1, k:ed@fuga, mode:FULL, rate:100, size:41
2026-03-23 01:19:57, MOVE, v:1, k:ed@fuga, mode:BACK
2026-03-23 01:21:07, SELF, v:1, k:ed@fuga, self:1, rate:100, study:60, concept:1, problem:1, code:1
2026-03-23 01:21:59, MOVE, v:1, k:ed@gomos, mode:PICK
2026-03-23 01:30:10, MOVE, v:1, k:ed@gomos, mode:BACK
2026-03-23 01:30:11, MOVE, v:1, k:ed@fuga, mode:PICK
2026-03-23 01:30:25, EXEC, v:1, k:ed@fuga, mode:FULL, rate:100
2026-03-23 01:30:57, EXEC, v:1, k:ed@fuga, mode:FULL, rate:100, size:42
2026-03-23 01:31:13, EXEC, v:1, k:ed@fuga, mode:FULL, rate:100
2026-03-23 01:31:14, MOVE, v:1, k:ed@fuga, mode:BACK
2026-03-23 01:31:21, MOVE, v:1, k:ed@gomos, mode:PICK
2026-03-23 01:38:37, EXEC, v:1, k:ed@gomos, mode:FULL, rate:100, size:53
2026-03-23 01:40:43, EXEC, v:1, k:ed@gomos, mode:FULL, rate:100, size:64
2026-03-23 01:42:39, EXEC, v:1, k:ed@gomos, mode:FULL, rate:100, size:65
2026-03-23 01:42:40, MOVE, v:1, k:ed@gomos, mode:BACK
2026-03-23 01:42:51, MOVE, v:1, k:ed@gomos, mode:PICK
2026-03-23 01:42:53, MOVE, v:1, k:ed@gomos, mode:BACK
2026-03-23 01:43:20, SELF, v:1, k:ed@gomos, self:1, rate:100, study:20, code:1
