2026-04-26 21:56:26, MOVE, v:1, k:ed@rotacoes, mode:PICK
2026-04-26 22:02:32, MOVE, v:1, k:ed@rotacoes, mode:PICK
2026-04-26 22:02:34, MOVE, v:1, k:ed@rotacoes, mode:BACK
2026-04-26 22:02:35, MOVE, v:1, k:ed@rotacoes, mode:PICK
2026-04-26 22:15:14, MOVE, v:1, k:ed@rotacoes, mode:BACK
2026-04-26 22:15:17, MOVE, v:1, k:ed@manipulacao, mode:PICK
2026-04-26 22:16:44, MOVE, v:1, k:ed@rotacoes, mode:EDIT
2026-04-26 22:19:08, EXEC, v:1, k:ed@manipulacao, mode:FULL, rate:14
2026-04-26 22:19:26, MOVE, v:1, k:ed@manipulacao, mode:BACK
2026-04-26 22:19:30, MOVE, v:1, k:ed@rotacoes, mode:PICK
2026-04-26 22:19:32, EXEC, v:1, k:ed@rotacoes, mode:FULL, rate:0, size:38
2026-04-26 22:20:05, EXEC, v:1, k:ed@rotacoes, mode:FULL, size:38, fail:COMP
2026-04-26 22:20:17, EXEC, v:1, k:ed@rotacoes, mode:FULL, rate:0, size:38
2026-04-26 22:37:40, MOVE, v:1, k:ed@rotacoes, mode:PICK
2026-04-26 22:37:42, MOVE, v:1, k:ed@rotacoes, mode:BACK
2026-04-26 22:44:06, MOVE, v:1, k:ed@apagando, mode:PICK
2026-04-26 22:46:24, MOVE, v:1, k:ed@apagando, mode:BACK
2026-04-26 22:46:26, MOVE, v:1, k:ed@apagando, mode:PICK
2026-04-26 22:46:27, EXEC, v:1, k:ed@apagando, mode:FULL, rate:100, size:64
2026-04-26 22:46:45, EXEC, v:1, k:ed@apagando, mode:FULL, rate:100, size:64
2026-04-26 22:46:45, MOVE, v:1, k:ed@apagando, mode:EDIT
2026-04-26 22:46:44, MOVE, v:1, k:ed@apagando, mode:EDIT
2026-04-26 22:52:09, EXEC, v:1, k:ed@apagando, mode:FULL, rate:0, size:64
2026-04-26 22:52:17, EXEC, v:1, k:ed@apagando, mode:FULL, rate:100, size:64
2026-04-26 22:52:16, MOVE, v:1, k:ed@apagando, mode:EDIT
2026-04-26 22:52:17, MOVE, v:1, k:ed@apagando, mode:EDIT
2026-04-26 23:10:02, MOVE, v:1, k:ed@apagando, mode:BACK
2026-04-26 23:10:05, MOVE, v:1, k:ed@rotacoes, mode:PICK
2026-04-26 23:10:27, EXEC, v:1, k:ed@rotacoes, mode:FULL, rate:0, size:38
2026-04-26 23:10:16, MOVE, v:1, k:ed@rotacoes, mode:EDIT
2026-04-26 23:10:27, MOVE, v:1, k:ed@rotacoes, mode:EDIT
2026-04-26 23:10:47, EXEC, v:1, k:ed@rotacoes, mode:FULL, rate:0, size:38
2026-04-26 23:12:51, MOVE, v:1, k:ed@rotacoes, mode:BACK
2026-04-26 23:14:45, MOVE, v:1, k:ed@rotacoes, mode:PICK
2026-04-26 23:16:42, MOVE, v:1, k:ed@rotacoes, mode:BACK
