2026-04-29 13:38:49, MOVE, v:1, k:ed@rotacoes, mode:PICK
2026-04-29 13:39:18, MOVE, v:1, k:ed@rotacoes, mode:PICK
2026-04-29 13:41:18, EXEC, v:1, k:ed@rotacoes, mode:FULL, rate:0
2026-04-29 13:41:18, MOVE, v:1, k:ed@rotacoes, mode:EDIT
2026-04-29 13:51:32, MOVE, v:1, k:ed@rotacoes, mode:PICK
2026-04-29 13:56:29, MOVE, v:1, k:ed@rotacoes, mode:EDIT
2026-04-29 13:57:43, EXEC, v:1, k:ed@rotacoes, mode:FULL, rate:0, size:98
2026-04-29 13:57:54, EXEC, v:1, k:ed@rotacoes, mode:FULL, rate:0, size:98
2026-04-29 13:59:42, EXEC, v:1, k:ed@rotacoes, mode:FULL, rate:100, size:98
2026-04-29 13:59:41, MOVE, v:1, k:ed@rotacoes, mode:EDIT
2026-04-29 13:59:42, MOVE, v:1, k:ed@rotacoes, mode:EDIT
2026-04-29 14:03:50, EXEC, v:1, k:ed@rotacoes, mode:FULL, rate:100, size:98
2026-04-29 14:04:23, EXEC, v:1, k:ed@rotacoes, mode:FULL, rate:100, size:98
2026-04-29 14:04:49, EXEC, v:1, k:ed@rotacoes, mode:FULL, rate:100, size:98
2026-04-29 14:04:57, MOVE, v:1, k:ed@rotacoes, mode:EDIT
2026-04-29 14:04:49, MOVE, v:1, k:ed@rotacoes, mode:EDIT
2026-04-29 14:13:11, MOVE, v:1, k:ed@rotacoes, mode:BACK
2026-04-29 14:13:26, MOVE, v:1, k:ed@rotacoes, mode:PICK
2026-04-29 14:13:27, MOVE, v:1, k:ed@rotacoes, mode:BACK
2026-04-29 14:14:55, SELF, v:1, k:ed@rotacoes, self:1, rate:100, study:100, concept:1, problem:1, debug:1
