2026-04-20 01:39:57, MOVE, v:1, k:ed@alternando, mode:PICK
2026-04-20 01:40:17, MOVE, v:1, k:ed@alternando, mode:BACK
2026-04-20 01:40:21, MOVE, v:1, k:ed@princesa, mode:PICK
2026-04-20 01:41:40, EXEC, v:1, k:ed@princesa, mode:FULL, rate:100, size:45
2026-04-20 01:41:57, MOVE, v:1, k:ed@princesa, mode:BACK
2026-04-20 01:43:24, SELF, v:1, k:ed@alternando, self:1, study:1, code:1
2026-04-20 01:43:49, MOVE, v:1, k:ed@alternando, mode:PICK
2026-04-20 01:43:55, EXEC, v:1, k:ed@alternando, mode:FULL, rate:0, size:5
2026-04-20 01:44:08, MOVE, v:1, k:ed@alternando, mode:BACK
2026-04-20 01:44:11, MOVE, v:1, k:ed@alternando, mode:PICK
2026-04-20 01:44:18, EXEC, v:1, k:ed@alternando, mode:FULL, rate:100, size:90
2026-04-20 01:44:23, MOVE, v:1, k:ed@alternando, mode:BACK
2026-04-20 01:44:31, MOVE, v:1, k:ed@princesa, mode:PICK
2026-04-20 01:44:39, EXEC, v:1, k:ed@princesa, mode:FULL, rate:100
2026-04-20 01:44:17, MOVE, v:1, k:ed@alternando, mode:EDIT
2026-04-20 01:44:39, MOVE, v:1, k:ed@princesa, mode:EDIT
2026-04-20 01:44:18, MOVE, v:1, k:ed@alternando, mode:EDIT
2026-04-20 01:45:20, MOVE, v:1, k:ed@princesa, mode:BACK
2026-04-20 01:45:29, MOVE, v:1, k:ed@rotacoes, mode:PICK
2026-04-20 01:45:34, EXEC, v:1, k:ed@rotacoes, mode:FULL, size:34, fail:COMP
2026-04-20 01:45:35, SELF, v:1, k:ed@rotacoes, self:1
2026-04-20 01:45:35, EXEC, v:1, k:ed@rotacoes, mode:LOCK, fail:COMP
2026-04-20 01:45:35, EXEC, v:1, k:ed@rotacoes, mode:LOCK, fail:COMP
2026-04-20 01:45:35, EXEC, v:1, k:ed@rotacoes, mode:LOCK, fail:COMP
2026-04-20 01:45:35, EXEC, v:1, k:ed@rotacoes, mode:LOCK, fail:COMP
2026-04-20 01:45:35, EXEC, v:1, k:ed@rotacoes, mode:LOCK, fail:COMP
2026-04-20 01:45:35, EXEC, v:1, k:ed@rotacoes, mode:FREE
2026-04-20 01:46:20, MOVE, v:1, k:ed@princesa, mode:PICK
2026-04-20 01:46:29, MOVE, v:1, k:ed@princesa, mode:BACK
2026-04-20 01:46:32, MOVE, v:1, k:ed@rotacoes, mode:PICK
